<?xml version="1.0" encoding="UTF-8"?>
<!-- Generated by org.testng.reporters.JUnitReportReporter -->
<testsuite skipped="0" hostname="DESKTOP-KN642OP" name="com.qa.opencart.tests.HomePageTest" tests="4" failures="0" timestamp="13 Oct 2023 15:56:17 GMT" time="30.232" errors="0">
  <testcase name="verifyRegisterAndLogin" time="3.907" classname="com.qa.opencart.tests.HomePageTest"/>
  <testcase name="verifyLoginTest" time="3.685" classname="com.qa.opencart.tests.HomePageTest"/>
  <testcase name="verifyAddItemToCartUnderComponentsMenu" time="21.025" classname="com.qa.opencart.tests.HomePageTest"/>
  <testcase name="verifyShoppingCart" time="1.615" classname="com.qa.opencart.tests.HomePageTest"/>
</testsuite> <!-- com.qa.opencart.tests.HomePageTest -->
